0 info it worked if it ends with ok
1 verbose cli [ '/usr/bin/nodejs', '/usr/bin/npm', 'start' ]
2 info using npm@4.1.2
3 info using node@v7.7.2
4 verbose run-script [ 'prestart', 'start', 'poststart' ]
5 info lifecycle test@0.1.0~prestart: test@0.1.0
6 silly lifecycle test@0.1.0~prestart: no script for prestart, continuing
7 info lifecycle test@0.1.0~start: test@0.1.0
8 verbose lifecycle test@0.1.0~start: unsafe-perm in lifecycle true
9 verbose lifecycle test@0.1.0~start: PATH: /usr/lib/node_modules/npm/bin/node-gyp-bin:/home/sora/Desktop/DEV PJ2/PJ2/node_modules/.bin:/home/sora/bin:/home/sora/.local/bin:/usr/local/sbin:/usr/local/bin:/usr/sbin:/usr/bin:/sbin:/bin:/usr/games:/usr/local/games:/snap/bin
10 verbose lifecycle test@0.1.0~start: CWD: /home/sora/Desktop/DEV PJ2/PJ2
11 silly lifecycle test@0.1.0~start: Args: [ '-c', 'react-scripts start' ]
12 info lifecycle test@0.1.0~start: Failed to exec start script
13 verbose stack Error: test@0.1.0 start: `react-scripts start`
13 verbose stack spawn ENOENT
13 verbose stack     at ChildProcess.<anonymous> (/usr/lib/node_modules/npm/lib/utils/spawn.js:33:16)
13 verbose stack     at emitTwo (events.js:106:13)
13 verbose stack     at ChildProcess.emit (events.js:194:7)
13 verbose stack     at maybeClose (internal/child_process.js:899:16)
13 verbose stack     at Process.ChildProcess._handle.onexit (internal/child_process.js:226:5)
14 verbose pkgid test@0.1.0
15 verbose cwd /home/sora/Desktop/DEV PJ2/PJ2/src
16 error Linux 4.8.0-41-generic
17 error argv "/usr/bin/nodejs" "/usr/bin/npm" "start"
18 error node v7.7.2
19 error npm  v4.1.2
20 error file sh
21 error code ELIFECYCLE
22 error errno ENOENT
23 error syscall spawn
24 error test@0.1.0 start: `react-scripts start`
24 error spawn ENOENT
25 error Failed at the test@0.1.0 start script 'react-scripts start'.
25 error Make sure you have the latest version of node.js and npm installed.
25 error If you do, this is most likely a problem with the test package,
25 error not with npm itself.
25 error Tell the author that this fails on your system:
25 error     react-scripts start
25 error You can get information on how to open an issue for this project with:
25 error     npm bugs test
25 error Or if that isn't available, you can get their info via:
25 error     npm owner ls test
25 error There is likely additional logging output above.
26 verbose exit [ 1, true ]
